<?xml version="1.0" encoding="UTF-8"?>
<!-- Generated by org.testng.reporters.JUnitXMLReporter -->
<testsuite ignored="0" hostname="DESKTOP-6JUGJ4I" failures="1" tests="3" name="Test" time="13.4" errors="0" timestamp="2023-05-14T16:27:21 IST">
  <testcase classname="com.tripadvisor.webapp.tests.HomePageTest" name="TC_TripAdvisor_HomePage_001" time="0.058">
    <failure type="java.lang.AssertionError" message="expected [true] but found [false]">
      <![CDATA[java.lang.AssertionError: expected [true] but found [false]
at com.tripadvisor.webapp.tests.HomePageTest.TC_TripAdvisor_HomePage_001(HomePageTest.java:37)
at java.base/java.util.ArrayList.forEach(ArrayList.java:1541)
... Removed 32 stack frames]]>
    </failure>
  </testcase> <!-- TC_TripAdvisor_HomePage_001 -->
  <testcase classname="com.tripadvisor.webapp.tests.HomePageTest" name="TC_TripAdvisor_HomePage_002" time="0.37"/>
  <testcase classname="com.tripadvisor.webapp.tests.HomePageTest" name="TC_TripAdvisor_HomePage_003" time="0.08"/>
</testsuite> <!-- Test -->
